# JRE version: OpenJDK Runtime Environment (8.0_242-b01) (build 1.8.0_242-release-1644-b01)
# Java VM: OpenJDK 64-Bit Server VM (25.242-b01 mixed mode windows-amd64 compressed oops)
Heap:
 PSYoungGen      total 107008K, used 35949K [0x00000000eb400000, 0x00000000f5980000, 0x0000000100000000)
  eden space 84480K, 15% used [0x00000000eb400000,0x00000000ec122ab8,0x00000000f0680000)
  from space 22528K, 99% used [0x00000000f0680000,0x00000000f1c78bc0,0x00000000f1c80000)
  to   space 28672K, 0% used [0x00000000f3d80000,0x00000000f3d80000,0x00000000f5980000)
 ParOldGen       total 86016K, used 43449K [0x00000000c1c00000, 0x00000000c7000000, 0x00000000eb400000)
  object space 86016K, 50% used [0x00000000c1c00000,0x00000000c466e5b8,0x00000000c7000000)
 Metaspace       used 55286K, capacity 56428K, committed 56664K, reserved 1099776K
  class space    used 6655K, capacity 6948K, committed 7040K, reserved 1048576K
GC Heap History (10 events):
Event: 10.977 GC heap before
{Heap before GC invocations=9 (full 1):
 PSYoungGen      total 74752K, used 36314K [0x00000000eb400000, 0x00000000f1b80000, 0x0000000100000000)
  eden space 58880K, 34% used [0x00000000eb400000,0x00000000ec7fa5f0,0x00000000eed80000)
  from space 15872K, 99% used [0x00000000eed80000,0x00000000efcfc440,0x00000000efd00000)
  to   space 18944K, 0% used [0x00000000f0900000,0x00000000f0900000,0x00000000f1b80000)
 ParOldGen       total 64000K, used 22357K [0x00000000c1c00000, 0x00000000c5a80000, 0x00000000eb400000)
  object space 64000K, 34% used [0x00000000c1c00000,0x00000000c31d5718,0x00000000c5a80000)
 Metaspace       used 34630K, capacity 35108K, committed 35416K, reserved 1081344K
  class space    used 4333K, capacity 4465K, committed 4480K, reserved 1048576K
Event: 10.993 GC heap after
Heap after GC invocations=9 (full 1):
 PSYoungGen      total 86528K, used 12826K [0x00000000eb400000, 0x00000000f3180000, 0x0000000100000000)
  eden space 67584K, 0% used [0x00000000eb400000,0x00000000eb400000,0x00000000ef600000)
  from space 18944K, 67% used [0x00000000f0900000,0x00000000f1586ba8,0x00000000f1b80000)
  to   space 19456K, 0% used [0x00000000ef600000,0x00000000ef600000,0x00000000f0900000)
 ParOldGen       total 64000K, used 22365K [0x00000000c1c00000, 0x00000000c5a80000, 0x00000000eb400000)
  object space 64000K, 34% used [0x00000000c1c00000,0x00000000c31d7718,0x00000000c5a80000)
 Metaspace       used 34630K, capacity 35108K, committed 35416K, reserved 1081344K
  class space    used 4333K, capacity 4465K, committed 4480K, reserved 1048576K
}
Event: 10.993 GC heap before
{Heap before GC invocations=10 (full 2):
 PSYoungGen      total 86528K, used 12826K [0x00000000eb400000, 0x00000000f3180000, 0x0000000100000000)
  eden space 67584K, 0% used [0x00000000eb400000,0x00000000eb400000,0x00000000ef600000)
  from space 18944K, 67% used [0x00000000f0900000,0x00000000f1586ba8,0x00000000f1b80000)
  to   space 19456K, 0% used [0x00000000ef600000,0x00000000ef600000,0x00000000f0900000)
 ParOldGen       total 64000K, used 22365K [0x00000000c1c00000, 0x00000000c5a80000, 0x00000000eb400000)
  object space 64000K, 34% used [0x00000000c1c00000,0x00000000c31d7718,0x00000000c5a80000)
 Metaspace       used 34630K, capacity 35108K, committed 35416K, reserved 1081344K
  class space    used 4333K, capacity 4465K, committed 4480K, reserved 1048576K
Event: 11.155 GC heap after
Heap after GC invocations=10 (full 2):
 PSYoungGen      total 86528K, used 0K [0x00000000eb400000, 0x00000000f3180000, 0x0000000100000000)
  eden space 67584K, 0% used [0x00000000eb400000,0x00000000eb400000,0x00000000ef600000)
  from space 18944K, 0% used [0x00000000f0900000,0x00000000f0900000,0x00000000f1b80000)
  to   space 19456K, 0% used [0x00000000ef600000,0x00000000ef600000,0x00000000f0900000)
 ParOldGen       total 86016K, used 31805K [0x00000000c1c00000, 0x00000000c7000000, 0x00000000eb400000)
  object space 86016K, 36% used [0x00000000c1c00000,0x00000000c3b0f550,0x00000000c7000000)
 Metaspace       used 34630K, capacity 35108K, committed 35416K, reserved 1081344K
  class space    used 4333K, capacity 4465K, committed 4480K, reserved 1048576K
}
Event: 15.711 GC heap before
{Heap before GC invocations=11 (full 2):
 PSYoungGen      total 86528K, used 67584K [0x00000000eb400000, 0x00000000f3180000, 0x0000000100000000)
  eden space 67584K, 100% used [0x00000000eb400000,0x00000000ef600000,0x00000000ef600000)
  from space 18944K, 0% used [0x00000000f0900000,0x00000000f0900000,0x00000000f1b80000)
  to   space 19456K, 0% used [0x00000000ef600000,0x00000000ef600000,0x00000000f0900000)
 ParOldGen       total 86016K, used 31805K [0x00000000c1c00000, 0x00000000c7000000, 0x00000000eb400000)
  object space 86016K, 36% used [0x00000000c1c00000,0x00000000c3b0f550,0x00000000c7000000)
 Metaspace       used 40857K, capacity 41550K, committed 41816K, reserved 1085440K
  class space    used 4993K, capacity 5195K, committed 5248K, reserved 1048576K
Event: 15.774 GC heap after
Heap after GC invocations=11 (full 2):
 PSYoungGen      total 87040K, used 11138K [0x00000000eb400000, 0x00000000f2f00000, 0x0000000100000000)
  eden space 67584K, 0% used [0x00000000eb400000,0x00000000eb400000,0x00000000ef600000)
  from space 19456K, 57% used [0x00000000ef600000,0x00000000f00e0af8,0x00000000f0900000)
  to   space 18944K, 0% used [0x00000000f1c80000,0x00000000f1c80000,0x00000000f2f00000)
 ParOldGen       total 86016K, used 31813K [0x00000000c1c00000, 0x00000000c7000000, 0x00000000eb400000)
  object space 86016K, 36% used [0x00000000c1c00000,0x00000000c3b11550,0x00000000c7000000)
 Metaspace       used 40857K, capacity 41550K, committed 41816K, reserved 1085440K
  class space    used 4993K, capacity 5195K, committed 5248K, reserved 1048576K
}
Event: 22.649 GC heap before
{Heap before GC invocations=12 (full 2):
 PSYoungGen      total 87040K, used 78722K [0x00000000eb400000, 0x00000000f2f00000, 0x0000000100000000)
  eden space 67584K, 100% used [0x00000000eb400000,0x00000000ef600000,0x00000000ef600000)
  from space 19456K, 57% used [0x00000000ef600000,0x00000000f00e0af8,0x00000000f0900000)
  to   space 18944K, 0% used [0x00000000f1c80000,0x00000000f1c80000,0x00000000f2f00000)
 ParOldGen       total 86016K, used 31813K [0x00000000c1c00000, 0x00000000c7000000, 0x00000000eb400000)
  object space 86016K, 36% used [0x00000000c1c00000,0x00000000c3b11550,0x00000000c7000000)
 Metaspace       used 47477K, capacity 48300K, committed 48728K, reserved 1091584K
  class space    used 5687K, capacity 5944K, committed 6016K, reserved 1048576K
Event: 22.716 GC heap after
Heap after GC invocations=12 (full 2):
 PSYoungGen      total 103424K, used 18925K [0x00000000eb400000, 0x00000000f3400000, 0x0000000100000000)
  eden space 84480K, 0% used [0x00000000eb400000,0x00000000eb400000,0x00000000f0680000)
  from space 18944K, 99% used [0x00000000f1c80000,0x00000000f2efb4a8,0x00000000f2f00000)
  to   space 22528K, 0% used [0x00000000f0680000,0x00000000f0680000,0x00000000f1c80000)
 ParOldGen       total 86016K, used 34639K [0x00000000c1c00000, 0x00000000c7000000, 0x00000000eb400000)
  object space 86016K, 40% used [0x00000000c1c00000,0x00000000c3dd3c90,0x00000000c7000000)
 Metaspace       used 47477K, capacity 48300K, committed 48728K, reserved 1091584K
  class space    used 5687K, capacity 5944K, committed 6016K, reserved 1048576K
}
Event: 36.187 GC heap before
{Heap before GC invocations=13 (full 2):
 PSYoungGen      total 103424K, used 103405K [0x00000000eb400000, 0x00000000f3400000, 0x0000000100000000)
  eden space 84480K, 100% used [0x00000000eb400000,0x00000000f0680000,0x00000000f0680000)
  from space 18944K, 99% used [0x00000000f1c80000,0x00000000f2efb4a8,0x00000000f2f00000)
  to   space 22528K, 0% used [0x00000000f0680000,0x00000000f0680000,0x00000000f1c80000)
 ParOldGen       total 86016K, used 34639K [0x00000000c1c00000, 0x00000000c7000000, 0x00000000eb400000)
  object space 86016K, 40% used [0x00000000c1c00000,0x00000000c3dd3c90,0x00000000c7000000)
 Metaspace       used 54540K, capacity 55686K, committed 55896K, reserved 1097728K
  class space    used 6609K, capacity 6915K, committed 7040K, reserved 1048576K
Event: 37.065 GC heap after
Heap after GC invocations=13 (full 2):
 PSYoungGen      total 107008K, used 22498K [0x00000000eb400000, 0x00000000f5980000, 0x0000000100000000)
  eden space 84480K, 0% used [0x00000000eb400000,0x00000000eb400000,0x00000000f0680000)
  from space 22528K, 99% used [0x00000000f0680000,0x00000000f1c78bc0,0x00000000f1c80000)
  to   space 28672K, 0% used [0x00000000f3d80000,0x00000000f3d80000,0x00000000f5980000)
 ParOldGen       total 86016K, used 43449K [0x00000000c1c00000, 0x00000000c7000000, 0x00000000eb400000)
  object space 86016K, 50% used [0x00000000c1c00000,0x00000000c466e5b8,0x00000000c7000000)
 Metaspace       used 54540K, capacity 55686K, committed 55896K, reserved 1097728K
  class space    used 6609K, capacity 6915K, committed 7040K, reserved 1048576K
}

